<?xml version="1.0" encoding="UTF-8"?>
<testsuite xmlns:xsi="http://www.w3.org/2001/XMLSchema-instance" xsi:noNamespaceSchemaLocation="https://maven.apache.org/surefire/maven-surefire-plugin/xsd/surefire-test-report.xsd" name="api.ApiTesting" time="142.07" tests="2" errors="0" skipped="0" failures="0">
  <properties>
[...]
</properties>
  <testcase name="get_Currencies" classname="api.ApiTesting" time="1.809"/>
  <testcase name="get_Currencies_Difference" classname="api.ApiTesting" time="139.36"/>
</testsuite>